[0m10:59:56.436375 [debug] [MainThread]: Sending event: {'category': 'dbt', 'action': 'invocation', 'label': 'start', 'context': [<snowplow_tracker.self_describing_json.SelfDescribingJson object at 0x00000220183C1AC0>, <snowplow_tracker.self_describing_json.SelfDescribingJson object at 0x00000220183C07A0>, <snowplow_tracker.self_describing_json.SelfDescribingJson object at 0x00000220183C2690>]}


============================== 10:59:56.456468 | f070a4e2-a63d-4e9b-a1c7-d4909cbdb755 ==============================
[0m10:59:56.456468 [info ] [MainThread]: Running with dbt=1.9.2
[0m10:59:56.460034 [debug] [MainThread]: running dbt with arguments {'printer_width': '80', 'indirect_selection': 'eager', 'write_json': 'True', 'log_cache_events': 'False', 'partial_parse': 'True', 'cache_selected_only': 'False', 'warn_error': 'None', 'fail_fast': 'False', 'version_check': 'True', 'log_path': 'logs', 'debug': 'False', 'profiles_dir': 'C:\\Users\\TitouanHOUDE\\.dbt', 'use_colors': 'True', 'use_experimental_parser': 'False', 'empty': 'None', 'quiet': 'False', 'no_print': 'None', 'log_format': 'default', 'introspect': 'True', 'warn_error_options': 'WarnErrorOptions(include=[], exclude=[])', 'static_parser': 'True', 'target_path': 'None', 'invocation_command': 'dbt init', 'send_anonymous_usage_stats': 'True'}
[0m11:00:15.678407 [debug] [MainThread]: Starter project path: C:\Users\TitouanHOUDE\Documents\DNUM\env\Lib\site-packages\dbt\include\starter_project
[0m11:00:15.717613 [info ] [MainThread]: 
Your new dbt project "dbtStaging" was created!

For more information on how to configure the profiles.yml file,
please consult the dbt documentation here:

  https://docs.getdbt.com/docs/configure-your-profile

One more thing:

Need help? Don't hesitate to reach out to us via GitHub issues or on Slack:

  https://community.getdbt.com/

Happy modeling!

[0m11:00:15.718749 [info ] [MainThread]: Setting up your profile.
[0m11:00:21.819641 [debug] [MainThread]: Command `dbt init` succeeded at 11:00:21.819641 after 25.60 seconds
[0m11:00:21.819641 [debug] [MainThread]: Sending event: {'category': 'dbt', 'action': 'invocation', 'label': 'end', 'context': [<snowplow_tracker.self_describing_json.SelfDescribingJson object at 0x00000220186CBB00>, <snowplow_tracker.self_describing_json.SelfDescribingJson object at 0x0000022016CD6000>, <snowplow_tracker.self_describing_json.SelfDescribingJson object at 0x00000220183EBEC0>]}
[0m11:00:21.819641 [debug] [MainThread]: Flushing usage events
[0m11:00:22.866766 [debug] [MainThread]: An error was encountered while trying to flush usage events
[0m16:51:24.643304 [debug] [MainThread]: Sending event: {'category': 'dbt', 'action': 'invocation', 'label': 'start', 'context': [<snowplow_tracker.self_describing_json.SelfDescribingJson object at 0x0000025143F2E000>, <snowplow_tracker.self_describing_json.SelfDescribingJson object at 0x0000025143F2C4D0>, <snowplow_tracker.self_describing_json.SelfDescribingJson object at 0x0000025143F2E030>]}


============================== 16:51:24.685291 | fabf36fe-0bb4-483b-b5ef-0e6be42a751b ==============================
[0m16:51:24.685291 [info ] [MainThread]: Running with dbt=1.9.2
[0m16:51:24.688836 [debug] [MainThread]: running dbt with arguments {'printer_width': '80', 'indirect_selection': 'eager', 'write_json': 'True', 'log_cache_events': 'False', 'partial_parse': 'True', 'cache_selected_only': 'False', 'profiles_dir': 'C:\\Users\\TitouanHOUDE\\.dbt', 'fail_fast': 'False', 'version_check': 'True', 'log_path': 'logs', 'debug': 'False', 'warn_error': 'None', 'use_colors': 'True', 'use_experimental_parser': 'False', 'no_print': 'None', 'quiet': 'False', 'empty': 'None', 'log_format': 'default', 'invocation_command': 'dbt init', 'introspect': 'True', 'static_parser': 'True', 'target_path': 'None', 'warn_error_options': 'WarnErrorOptions(include=[], exclude=[])', 'send_anonymous_usage_stats': 'True'}
[0m16:57:59.645174 [debug] [MainThread]: Starter project path: C:\Users\TitouanHOUDE\Documents\DNUM\env\Lib\site-packages\dbt\include\starter_project
[0m16:57:59.708069 [info ] [MainThread]: 
Your new dbt project "dbtStaging" was created!

For more information on how to configure the profiles.yml file,
please consult the dbt documentation here:

  https://docs.getdbt.com/docs/configure-your-profile

One more thing:

Need help? Don't hesitate to reach out to us via GitHub issues or on Slack:

  https://community.getdbt.com/

Happy modeling!

[0m16:57:59.708069 [info ] [MainThread]: Setting up your profile.
[0m17:14:37.928397 [debug] [MainThread]: Command `dbt init` succeeded at 17:14:37.928397 after 1393.85 seconds
[0m17:14:37.928397 [debug] [MainThread]: Sending event: {'category': 'dbt', 'action': 'invocation', 'label': 'end', 'context': [<snowplow_tracker.self_describing_json.SelfDescribingJson object at 0x0000025145075F40>, <snowplow_tracker.self_describing_json.SelfDescribingJson object at 0x0000025145023320>, <snowplow_tracker.self_describing_json.SelfDescribingJson object at 0x00000251436F5F70>]}
[0m17:14:37.928397 [debug] [MainThread]: Flushing usage events
[0m17:14:38.550289 [debug] [MainThread]: An error was encountered while trying to flush usage events
